This file contains any messages produced by compilers while
running configure, to aid debugging if configure makes a mistake.

It was created by fparser configure 0.0.0, which was
generated by GNU Autoconf 2.67.  Invocation command line was

  $ ./configure 

## --------- ##
## Platform. ##
## --------- ##

hostname = sk1m.dyndns.org
uname -m = x86_64
uname -r = 2.6.35-27-generic
uname -s = Linux
uname -v = #48-Ubuntu SMP Tue Feb 22 20:25:46 UTC 2011

/usr/bin/uname -p = unknown
/bin/uname -X     = unknown

/bin/arch              = unknown
/usr/bin/arch -k       = unknown
/usr/convex/getsysinfo = unknown
/usr/bin/hostinfo      = unknown
/bin/machine           = unknown
/usr/bin/oslevel       = unknown
/bin/universe          = unknown

PATH: /usr/local/sbin
PATH: /usr/local/bin
PATH: /usr/sbin
PATH: /usr/bin
PATH: /sbin
PATH: /bin
PATH: /usr/games


## ----------- ##
## Core tests. ##
## ----------- ##

configure:2675: checking for a BSD-compatible install
configure:2743: result: /usr/bin/install -c
configure:2754: checking whether build environment is sane
configure:2804: result: yes
configure:2945: checking for a thread-safe mkdir -p
configure:2984: result: /bin/mkdir -p
configure:2997: checking for gawk
configure:3013: found /usr/bin/gawk
configure:3024: result: gawk
configure:3035: checking whether make sets $(MAKE)
configure:3057: result: yes
configure:3166: checking build system type
configure:3180: result: x86_64-unknown-linux-gnu
configure:3200: checking host system type
configure:3213: result: x86_64-unknown-linux-gnu
configure:3245: checking for style of include used by make
configure:3273: result: GNU
configure:3343: checking for gcc
configure:3359: found /usr/bin/gcc
configure:3370: result: gcc
configure:3599: checking for C compiler version
configure:3608: gcc --version >&5
gcc (Ubuntu/Linaro 4.4.4-14ubuntu5) 4.4.5
Copyright (C) 2010 Free Software Foundation, Inc.
This is free software; see the source for copying conditions.  There is NO
warranty; not even for MERCHANTABILITY or FITNESS FOR A PARTICULAR PURPOSE.

configure:3619: $? = 0
configure:3608: gcc -v >&5
Using built-in specs.
Target: x86_64-linux-gnu
Configured with: ../src/configure -v --with-pkgversion='Ubuntu/Linaro 4.4.4-14ubuntu5' --with-bugurl=file:///usr/share/doc/gcc-4.4/README.Bugs --enable-languages=c,c++,fortran,objc,obj-c++ --prefix=/usr --program-suffix=-4.4 --enable-shared --enable-multiarch --enable-linker-build-id --with-system-zlib --libexecdir=/usr/lib --without-included-gettext --enable-threads=posix --with-gxx-include-dir=/usr/include/c++/4.4 --libdir=/usr/lib --enable-nls --with-sysroot=/ --enable-clocale=gnu --enable-libstdcxx-debug --enable-objc-gc --disable-werror --with-arch-32=i686 --with-tune=generic --enable-checking=release --build=x86_64-linux-gnu --host=x86_64-linux-gnu --target=x86_64-linux-gnu
Thread model: posix
gcc version 4.4.5 (Ubuntu/Linaro 4.4.4-14ubuntu5) 
configure:3619: $? = 0
configure:3608: gcc -V >&5
gcc: '-V' option must have argument
configure:3619: $? = 1
configure:3608: gcc -qversion >&5
gcc: unrecognized option '-qversion'
gcc: no input files
configure:3619: $? = 1
configure:3639: checking whether the C compiler works
configure:3661: gcc    conftest.c  >&5
configure:3665: $? = 0
configure:3713: result: yes
configure:3716: checking for C compiler default output file name
configure:3718: result: a.out
configure:3724: checking for suffix of executables
configure:3731: gcc -o conftest    conftest.c  >&5
configure:3735: $? = 0
configure:3757: result: 
configure:3779: checking whether we are cross compiling
configure:3787: gcc -o conftest    conftest.c  >&5
configure:3791: $? = 0
configure:3798: ./conftest
configure:3802: $? = 0
configure:3817: result: no
configure:3822: checking for suffix of object files
configure:3844: gcc -c   conftest.c >&5
configure:3848: $? = 0
configure:3869: result: o
configure:3873: checking whether we are using the GNU C compiler
configure:3892: gcc -c   conftest.c >&5
configure:3892: $? = 0
configure:3901: result: yes
configure:3910: checking whether gcc accepts -g
configure:3930: gcc -c -g  conftest.c >&5
configure:3930: $? = 0
configure:3971: result: yes
configure:3988: checking for gcc option to accept ISO C89
configure:4052: gcc  -c -g -O2  conftest.c >&5
configure:4052: $? = 0
configure:4065: result: none needed
configure:4087: checking dependency style of gcc
configure:4197: result: gcc3
configure:4212: checking for a sed that does not truncate output
configure:4276: result: /bin/sed
configure:4294: checking for grep that handles long lines and -e
configure:4352: result: /bin/grep
configure:4357: checking for egrep
configure:4419: result: /bin/grep -E
configure:4424: checking for fgrep
configure:4486: result: /bin/grep -F
configure:4521: checking for ld used by gcc
configure:4588: result: /usr/bin/ld
configure:4595: checking if the linker (/usr/bin/ld) is GNU ld
configure:4610: result: yes
configure:4622: checking for BSD- or MS-compatible name lister (nm)
configure:4671: result: /usr/bin/nm -B
configure:4789: checking the name lister (/usr/bin/nm -B) interface
configure:4796: gcc -c -g -O2  conftest.c >&5
configure:4799: /usr/bin/nm -B "conftest.o"
configure:4802: output
0000000000000000 B some_variable
configure:4809: result: BSD nm
configure:4812: checking whether ln -s works
configure:4816: result: yes
configure:4824: checking the maximum length of command line arguments
configure:4944: result: 1572864
configure:4961: checking whether the shell understands some XSI constructs
configure:4971: result: yes
configure:4975: checking whether the shell understands "+="
configure:4981: result: yes
configure:5016: checking for /usr/bin/ld option to reload object files
configure:5023: result: -r
configure:5092: checking for objdump
configure:5108: found /usr/bin/objdump
configure:5119: result: objdump
configure:5151: checking how to recognize dependent libraries
configure:5347: result: pass_all
configure:5407: checking for ar
configure:5423: found /usr/bin/ar
configure:5434: result: ar
configure:5512: checking for strip
configure:5528: found /usr/bin/strip
configure:5539: result: strip
configure:5611: checking for ranlib
configure:5627: found /usr/bin/ranlib
configure:5638: result: ranlib
configure:5728: checking command to parse /usr/bin/nm -B output from gcc object
configure:5846: gcc -c -g -O2  conftest.c >&5
configure:5849: $? = 0
configure:5853: /usr/bin/nm -B conftest.o \| sed -n -e 's/^.*[	 ]\([ABCDGIRSTW][ABCDGIRSTW]*\)[	 ][	 ]*\([_A-Za-z][_A-Za-z0-9]*\)$/\1 \2 \2/p' \> conftest.nm
configure:5856: $? = 0
configure:5910: gcc -o conftest -g -O2   conftest.c conftstm.o >&5
configure:5913: $? = 0
configure:5951: result: ok
configure:6047: gcc -c -g -O2  conftest.c >&5
configure:6050: $? = 0
configure:6760: checking how to run the C preprocessor
configure:6791: gcc -E  conftest.c
configure:6791: $? = 0
configure:6805: gcc -E  conftest.c
conftest.c:11: fatal error: ac_nonexistent.h: No such file or directory
compilation terminated.
configure:6805: $? = 1
configure: failed program was:
| /* confdefs.h */
| #define PACKAGE_NAME "fparser"
| #define PACKAGE_TARNAME "fparser"
| #define PACKAGE_VERSION "0.0.0"
| #define PACKAGE_STRING "fparser 0.0.0"
| #define PACKAGE_BUGREPORT ""
| #define PACKAGE_URL ""
| #define PACKAGE "fparser"
| #define VERSION "0.0.0"
| /* end confdefs.h.  */
| #include <ac_nonexistent.h>
configure:6830: result: gcc -E
configure:6850: gcc -E  conftest.c
configure:6850: $? = 0
configure:6864: gcc -E  conftest.c
conftest.c:11: fatal error: ac_nonexistent.h: No such file or directory
compilation terminated.
configure:6864: $? = 1
configure: failed program was:
| /* confdefs.h */
| #define PACKAGE_NAME "fparser"
| #define PACKAGE_TARNAME "fparser"
| #define PACKAGE_VERSION "0.0.0"
| #define PACKAGE_STRING "fparser 0.0.0"
| #define PACKAGE_BUGREPORT ""
| #define PACKAGE_URL ""
| #define PACKAGE "fparser"
| #define VERSION "0.0.0"
| /* end confdefs.h.  */
| #include <ac_nonexistent.h>
configure:6893: checking for ANSI C header files
configure:6913: gcc -c -g -O2  conftest.c >&5
configure:6913: $? = 0
configure:6986: gcc -o conftest -g -O2   conftest.c  >&5
configure:6986: $? = 0
configure:6986: ./conftest
configure:6986: $? = 0
configure:6997: result: yes
configure:7010: checking for sys/types.h
configure:7010: gcc -c -g -O2  conftest.c >&5
configure:7010: $? = 0
configure:7010: result: yes
configure:7010: checking for sys/stat.h
configure:7010: gcc -c -g -O2  conftest.c >&5
configure:7010: $? = 0
configure:7010: result: yes
configure:7010: checking for stdlib.h
configure:7010: gcc -c -g -O2  conftest.c >&5
configure:7010: $? = 0
configure:7010: result: yes
configure:7010: checking for string.h
configure:7010: gcc -c -g -O2  conftest.c >&5
configure:7010: $? = 0
configure:7010: result: yes
configure:7010: checking for memory.h
configure:7010: gcc -c -g -O2  conftest.c >&5
configure:7010: $? = 0
configure:7010: result: yes
configure:7010: checking for strings.h
configure:7010: gcc -c -g -O2  conftest.c >&5
configure:7010: $? = 0
configure:7010: result: yes
configure:7010: checking for inttypes.h
configure:7010: gcc -c -g -O2  conftest.c >&5
configure:7010: $? = 0
configure:7010: result: yes
configure:7010: checking for stdint.h
configure:7010: gcc -c -g -O2  conftest.c >&5
configure:7010: $? = 0
configure:7010: result: yes
configure:7010: checking for unistd.h
configure:7010: gcc -c -g -O2  conftest.c >&5
configure:7010: $? = 0
configure:7010: result: yes
configure:7024: checking for dlfcn.h
configure:7024: gcc -c -g -O2  conftest.c >&5
configure:7024: $? = 0
configure:7024: result: yes
configure:7208: checking for objdir
configure:7223: result: .libs
configure:7515: checking if gcc supports -fno-rtti -fno-exceptions
configure:7533: gcc -c -g -O2  -fno-rtti -fno-exceptions conftest.c >&5
cc1: warning: command line option "-fno-rtti" is valid for C++/ObjC++ but not for C
configure:7537: $? = 0
configure:7550: result: no
configure:7570: checking for gcc option to produce PIC
configure:7842: result: -fPIC -DPIC
configure:7854: checking if gcc PIC flag -fPIC -DPIC works
configure:7872: gcc -c -g -O2  -fPIC -DPIC -DPIC conftest.c >&5
configure:7876: $? = 0
configure:7889: result: yes
configure:7913: checking if gcc static flag -static works
configure:7941: result: yes
configure:7956: checking if gcc supports -c -o file.o
configure:7977: gcc -c -g -O2  -o out/conftest2.o conftest.c >&5
configure:7981: $? = 0
configure:8003: result: yes
configure:8011: checking if gcc supports -c -o file.o
configure:8058: result: yes
configure:8091: checking whether the gcc linker (/usr/bin/ld -m elf_x86_64) supports shared libraries
configure:9082: result: yes
configure:9119: checking whether -lc should be explicitly linked in
configure:9124: gcc -c -g -O2  conftest.c >&5
configure:9127: $? = 0
configure:9142: gcc -shared conftest.o  -v -Wl,-soname -Wl,conftest -o conftest 2\>\&1 \| /bin/grep  -lc  \>/dev/null 2\>\&1
configure:9145: $? = 0
configure:9157: result: no
configure:9321: checking dynamic linker characteristics
configure:9754: gcc -o conftest -g -O2   -Wl,-rpath -Wl,/foo conftest.c  >&5
configure:9754: $? = 0
configure:9984: result: GNU/Linux ld.so
configure:10086: checking how to hardcode library paths into programs
configure:10111: result: immediate
configure:10631: checking whether stripping libraries is possible
configure:10636: result: yes
configure:10671: checking if libtool supports shared libraries
configure:10673: result: yes
configure:10676: checking whether to build shared libraries
configure:10697: result: yes
configure:10700: checking whether to build static libraries
configure:10704: result: yes
configure:10799: checking for g++
configure:10815: found /usr/bin/g++
configure:10826: result: g++
configure:10853: checking for C++ compiler version
configure:10862: g++ --version >&5
g++ (Ubuntu/Linaro 4.4.4-14ubuntu5) 4.4.5
Copyright (C) 2010 Free Software Foundation, Inc.
This is free software; see the source for copying conditions.  There is NO
warranty; not even for MERCHANTABILITY or FITNESS FOR A PARTICULAR PURPOSE.

configure:10873: $? = 0
configure:10862: g++ -v >&5
Using built-in specs.
Target: x86_64-linux-gnu
Configured with: ../src/configure -v --with-pkgversion='Ubuntu/Linaro 4.4.4-14ubuntu5' --with-bugurl=file:///usr/share/doc/gcc-4.4/README.Bugs --enable-languages=c,c++,fortran,objc,obj-c++ --prefix=/usr --program-suffix=-4.4 --enable-shared --enable-multiarch --enable-linker-build-id --with-system-zlib --libexecdir=/usr/lib --without-included-gettext --enable-threads=posix --with-gxx-include-dir=/usr/include/c++/4.4 --libdir=/usr/lib --enable-nls --with-sysroot=/ --enable-clocale=gnu --enable-libstdcxx-debug --enable-objc-gc --disable-werror --with-arch-32=i686 --with-tune=generic --enable-checking=release --build=x86_64-linux-gnu --host=x86_64-linux-gnu --target=x86_64-linux-gnu
Thread model: posix
gcc version 4.4.5 (Ubuntu/Linaro 4.4.4-14ubuntu5) 
configure:10873: $? = 0
configure:10862: g++ -V >&5
g++: '-V' option must have argument
configure:10873: $? = 1
configure:10862: g++ -qversion >&5
g++: unrecognized option '-qversion'
g++: no input files
configure:10873: $? = 1
configure:10877: checking whether we are using the GNU C++ compiler
configure:10896: g++ -c   conftest.cpp >&5
configure:10896: $? = 0
configure:10905: result: yes
configure:10914: checking whether g++ accepts -g
configure:10934: g++ -c -g  conftest.cpp >&5
configure:10934: $? = 0
configure:10975: result: yes
configure:11000: checking dependency style of g++
configure:11110: result: gcc3
configure:11238: checking for C++ compiler version
configure:11247: g++ --version >&5
g++ (Ubuntu/Linaro 4.4.4-14ubuntu5) 4.4.5
Copyright (C) 2010 Free Software Foundation, Inc.
This is free software; see the source for copying conditions.  There is NO
warranty; not even for MERCHANTABILITY or FITNESS FOR A PARTICULAR PURPOSE.

configure:11258: $? = 0
configure:11247: g++ -v >&5
Using built-in specs.
Target: x86_64-linux-gnu
Configured with: ../src/configure -v --with-pkgversion='Ubuntu/Linaro 4.4.4-14ubuntu5' --with-bugurl=file:///usr/share/doc/gcc-4.4/README.Bugs --enable-languages=c,c++,fortran,objc,obj-c++ --prefix=/usr --program-suffix=-4.4 --enable-shared --enable-multiarch --enable-linker-build-id --with-system-zlib --libexecdir=/usr/lib --without-included-gettext --enable-threads=posix --with-gxx-include-dir=/usr/include/c++/4.4 --libdir=/usr/lib --enable-nls --with-sysroot=/ --enable-clocale=gnu --enable-libstdcxx-debug --enable-objc-gc --disable-werror --with-arch-32=i686 --with-tune=generic --enable-checking=release --build=x86_64-linux-gnu --host=x86_64-linux-gnu --target=x86_64-linux-gnu
Thread model: posix
gcc version 4.4.5 (Ubuntu/Linaro 4.4.4-14ubuntu5) 
configure:11258: $? = 0
configure:11247: g++ -V >&5
g++: '-V' option must have argument
configure:11258: $? = 1
configure:11247: g++ -qversion >&5
g++: unrecognized option '-qversion'
g++: no input files
configure:11258: $? = 1
configure:11262: checking whether we are using the GNU C++ compiler
configure:11290: result: yes
configure:11299: checking whether g++ accepts -g
configure:11360: result: yes
configure:11385: checking dependency style of g++
configure:11495: result: gcc3
configure:11518: checking how to run the C++ preprocessor
configure:11545: g++ -E  conftest.cpp
configure:11545: $? = 0
configure:11559: g++ -E  conftest.cpp
conftest.cpp:23: fatal error: ac_nonexistent.h: No such file or directory
compilation terminated.
configure:11559: $? = 1
configure: failed program was:
| /* confdefs.h */
| #define PACKAGE_NAME "fparser"
| #define PACKAGE_TARNAME "fparser"
| #define PACKAGE_VERSION "0.0.0"
| #define PACKAGE_STRING "fparser 0.0.0"
| #define PACKAGE_BUGREPORT ""
| #define PACKAGE_URL ""
| #define PACKAGE "fparser"
| #define VERSION "0.0.0"
| #define STDC_HEADERS 1
| #define HAVE_SYS_TYPES_H 1
| #define HAVE_SYS_STAT_H 1
| #define HAVE_STDLIB_H 1
| #define HAVE_STRING_H 1
| #define HAVE_MEMORY_H 1
| #define HAVE_STRINGS_H 1
| #define HAVE_INTTYPES_H 1
| #define HAVE_STDINT_H 1
| #define HAVE_UNISTD_H 1
| #define HAVE_DLFCN_H 1
| #define LT_OBJDIR ".libs/"
| /* end confdefs.h.  */
| #include <ac_nonexistent.h>
configure:11584: result: g++ -E
configure:11604: g++ -E  conftest.cpp
configure:11604: $? = 0
configure:11618: g++ -E  conftest.cpp
conftest.cpp:23: fatal error: ac_nonexistent.h: No such file or directory
compilation terminated.
configure:11618: $? = 1
configure: failed program was:
| /* confdefs.h */
| #define PACKAGE_NAME "fparser"
| #define PACKAGE_TARNAME "fparser"
| #define PACKAGE_VERSION "0.0.0"
| #define PACKAGE_STRING "fparser 0.0.0"
| #define PACKAGE_BUGREPORT ""
| #define PACKAGE_URL ""
| #define PACKAGE "fparser"
| #define VERSION "0.0.0"
| #define STDC_HEADERS 1
| #define HAVE_SYS_TYPES_H 1
| #define HAVE_SYS_STAT_H 1
| #define HAVE_STDLIB_H 1
| #define HAVE_STRING_H 1
| #define HAVE_MEMORY_H 1
| #define HAVE_STRINGS_H 1
| #define HAVE_INTTYPES_H 1
| #define HAVE_STDINT_H 1
| #define HAVE_UNISTD_H 1
| #define HAVE_DLFCN_H 1
| #define LT_OBJDIR ".libs/"
| /* end confdefs.h.  */
| #include <ac_nonexistent.h>
configure:11786: checking for ld used by g++
configure:11853: result: /usr/bin/ld -m elf_x86_64
configure:11860: checking if the linker (/usr/bin/ld -m elf_x86_64) is GNU ld
configure:11875: result: yes
configure:11930: checking whether the g++ linker (/usr/bin/ld -m elf_x86_64) supports shared libraries
configure:12843: result: yes
configure:12871: g++ -c -g -O2  conftest.cpp >&5
configure:12874: $? = 0
configure:13056: checking for g++ option to produce PIC
configure:13373: result: -fPIC -DPIC
configure:13382: checking if g++ PIC flag -fPIC -DPIC works
configure:13400: g++ -c -g -O2  -fPIC -DPIC -DPIC conftest.cpp >&5
configure:13404: $? = 0
configure:13417: result: yes
configure:13438: checking if g++ static flag -static works
configure:13466: result: yes
configure:13478: checking if g++ supports -c -o file.o
configure:13499: g++ -c -g -O2  -o out/conftest2.o conftest.cpp >&5
configure:13503: $? = 0
configure:13525: result: yes
configure:13530: checking if g++ supports -c -o file.o
configure:13577: result: yes
configure:13607: checking whether the g++ linker (/usr/bin/ld -m elf_x86_64) supports shared libraries
configure:13636: result: yes
configure:13773: checking dynamic linker characteristics
configure:14154: g++ -o conftest -g -O2   -Wl,-rpath -Wl,/foo conftest.cpp  >&5
configure:14154: $? = 0
configure:14384: result: GNU/Linux ld.so
configure:14435: checking how to hardcode library paths into programs
configure:14460: result: immediate
configure:14547: checking for gcc
configure:14574: result: gcc
configure:14803: checking for C compiler version
configure:14812: gcc --version >&5
gcc (Ubuntu/Linaro 4.4.4-14ubuntu5) 4.4.5
Copyright (C) 2010 Free Software Foundation, Inc.
This is free software; see the source for copying conditions.  There is NO
warranty; not even for MERCHANTABILITY or FITNESS FOR A PARTICULAR PURPOSE.

configure:14823: $? = 0
configure:14812: gcc -v >&5
Using built-in specs.
Target: x86_64-linux-gnu
Configured with: ../src/configure -v --with-pkgversion='Ubuntu/Linaro 4.4.4-14ubuntu5' --with-bugurl=file:///usr/share/doc/gcc-4.4/README.Bugs --enable-languages=c,c++,fortran,objc,obj-c++ --prefix=/usr --program-suffix=-4.4 --enable-shared --enable-multiarch --enable-linker-build-id --with-system-zlib --libexecdir=/usr/lib --without-included-gettext --enable-threads=posix --with-gxx-include-dir=/usr/include/c++/4.4 --libdir=/usr/lib --enable-nls --with-sysroot=/ --enable-clocale=gnu --enable-libstdcxx-debug --enable-objc-gc --disable-werror --with-arch-32=i686 --with-tune=generic --enable-checking=release --build=x86_64-linux-gnu --host=x86_64-linux-gnu --target=x86_64-linux-gnu
Thread model: posix
gcc version 4.4.5 (Ubuntu/Linaro 4.4.4-14ubuntu5) 
configure:14823: $? = 0
configure:14812: gcc -V >&5
gcc: '-V' option must have argument
configure:14823: $? = 1
configure:14812: gcc -qversion >&5
gcc: unrecognized option '-qversion'
gcc: no input files
configure:14823: $? = 1
configure:14827: checking whether we are using the GNU C compiler
configure:14855: result: yes
configure:14864: checking whether gcc accepts -g
configure:14925: result: yes
configure:14942: checking for gcc option to accept ISO C89
configure:15019: result: none needed
configure:15041: checking dependency style of gcc
configure:15151: result: gcc3
configure:15221: checking for pkg-config
configure:15239: found /usr/bin/pkg-config
configure:15251: result: /usr/bin/pkg-config
configure:15276: checking pkg-config is at least version 0.9.0
configure:15279: result: yes
configure:15289: checking for DEPS
configure:15296: $PKG_CONFIG --exists --print-errors "libxml-2.0 >= 2.6.29"
configure:15299: $? = 0
configure:15312: $PKG_CONFIG --exists --print-errors "libxml-2.0 >= 2.6.29"
configure:15315: $? = 0
configure:15372: result: yes
configure:15381: checking float.h usability
configure:15381: gcc -c -g -O2  conftest.c >&5
configure:15381: $? = 0
configure:15381: result: yes
configure:15381: checking float.h presence
configure:15381: gcc -E  conftest.c
configure:15381: $? = 0
configure:15381: result: yes
configure:15381: checking for float.h
configure:15381: result: yes
configure:15381: checking malloc.h usability
configure:15381: gcc -c -g -O2  conftest.c >&5
configure:15381: $? = 0
configure:15381: result: yes
configure:15381: checking malloc.h presence
configure:15381: gcc -E  conftest.c
configure:15381: $? = 0
configure:15381: result: yes
configure:15381: checking for malloc.h
configure:15381: result: yes
configure:15381: checking for stdint.h
configure:15381: result: yes
configure:15381: checking for stdlib.h
configure:15381: result: yes
configure:15381: checking for string.h
configure:15381: result: yes
configure:15381: checking for unistd.h
configure:15381: result: yes
configure:15381: checking wchar.h usability
configure:15381: gcc -c -g -O2  conftest.c >&5
configure:15381: $? = 0
configure:15381: result: yes
configure:15381: checking wchar.h presence
configure:15381: gcc -E  conftest.c
configure:15381: $? = 0
configure:15381: result: yes
configure:15381: checking for wchar.h
configure:15381: result: yes
configure:15381: checking wctype.h usability
configure:15381: gcc -c -g -O2  conftest.c >&5
configure:15381: $? = 0
configure:15381: result: yes
configure:15381: checking wctype.h presence
configure:15381: gcc -E  conftest.c
configure:15381: $? = 0
configure:15381: result: yes
configure:15381: checking for wctype.h
configure:15381: result: yes
configure:15393: checking for stdbool.h that conforms to C99
configure:15478: gcc -c -g -O2  conftest.c >&5
configure:15478: $? = 0
configure:15485: result: yes
configure:15487: checking for _Bool
configure:15487: gcc -c -g -O2  conftest.c >&5
configure:15487: $? = 0
configure:15487: gcc -c -g -O2  conftest.c >&5
conftest.c: In function 'main':
conftest.c:67: error: expected expression before ')' token
configure:15487: $? = 1
configure: failed program was:
| /* confdefs.h */
| #define PACKAGE_NAME "fparser"
| #define PACKAGE_TARNAME "fparser"
| #define PACKAGE_VERSION "0.0.0"
| #define PACKAGE_STRING "fparser 0.0.0"
| #define PACKAGE_BUGREPORT ""
| #define PACKAGE_URL ""
| #define PACKAGE "fparser"
| #define VERSION "0.0.0"
| #define STDC_HEADERS 1
| #define HAVE_SYS_TYPES_H 1
| #define HAVE_SYS_STAT_H 1
| #define HAVE_STDLIB_H 1
| #define HAVE_STRING_H 1
| #define HAVE_MEMORY_H 1
| #define HAVE_STRINGS_H 1
| #define HAVE_INTTYPES_H 1
| #define HAVE_STDINT_H 1
| #define HAVE_UNISTD_H 1
| #define HAVE_DLFCN_H 1
| #define LT_OBJDIR ".libs/"
| #define HAVE_FLOAT_H 1
| #define HAVE_MALLOC_H 1
| #define HAVE_STDINT_H 1
| #define HAVE_STDLIB_H 1
| #define HAVE_STRING_H 1
| #define HAVE_UNISTD_H 1
| #define HAVE_WCHAR_H 1
| #define HAVE_WCTYPE_H 1
| /* end confdefs.h.  */
| #include <stdio.h>
| #ifdef HAVE_SYS_TYPES_H
| # include <sys/types.h>
| #endif
| #ifdef HAVE_SYS_STAT_H
| # include <sys/stat.h>
| #endif
| #ifdef STDC_HEADERS
| # include <stdlib.h>
| # include <stddef.h>
| #else
| # ifdef HAVE_STDLIB_H
| #  include <stdlib.h>
| # endif
| #endif
| #ifdef HAVE_STRING_H
| # if !defined STDC_HEADERS && defined HAVE_MEMORY_H
| #  include <memory.h>
| # endif
| # include <string.h>
| #endif
| #ifdef HAVE_STRINGS_H
| # include <strings.h>
| #endif
| #ifdef HAVE_INTTYPES_H
| # include <inttypes.h>
| #endif
| #ifdef HAVE_STDINT_H
| # include <stdint.h>
| #endif
| #ifdef HAVE_UNISTD_H
| # include <unistd.h>
| #endif
| int
| main ()
| {
| if (sizeof ((_Bool)))
| 	    return 0;
|   ;
|   return 0;
| }
configure:15487: result: yes
configure:15503: checking for inline
configure:15519: gcc -c -g -O2  conftest.c >&5
configure:15519: $? = 0
configure:15527: result: inline
configure:15545: checking for int16_t
configure:15545: gcc -c -g -O2  conftest.c >&5
configure:15545: $? = 0
configure:15545: gcc -c -g -O2  conftest.c >&5
conftest.c: In function 'main':
conftest.c:71: error: size of array 'test_array' is negative
configure:15545: $? = 1
configure: failed program was:
| /* confdefs.h */
| #define PACKAGE_NAME "fparser"
| #define PACKAGE_TARNAME "fparser"
| #define PACKAGE_VERSION "0.0.0"
| #define PACKAGE_STRING "fparser 0.0.0"
| #define PACKAGE_BUGREPORT ""
| #define PACKAGE_URL ""
| #define PACKAGE "fparser"
| #define VERSION "0.0.0"
| #define STDC_HEADERS 1
| #define HAVE_SYS_TYPES_H 1
| #define HAVE_SYS_STAT_H 1
| #define HAVE_STDLIB_H 1
| #define HAVE_STRING_H 1
| #define HAVE_MEMORY_H 1
| #define HAVE_STRINGS_H 1
| #define HAVE_INTTYPES_H 1
| #define HAVE_STDINT_H 1
| #define HAVE_UNISTD_H 1
| #define HAVE_DLFCN_H 1
| #define LT_OBJDIR ".libs/"
| #define HAVE_FLOAT_H 1
| #define HAVE_MALLOC_H 1
| #define HAVE_STDINT_H 1
| #define HAVE_STDLIB_H 1
| #define HAVE_STRING_H 1
| #define HAVE_UNISTD_H 1
| #define HAVE_WCHAR_H 1
| #define HAVE_WCTYPE_H 1
| #define HAVE__BOOL 1
| #define HAVE_STDBOOL_H 1
| /* end confdefs.h.  */
| #include <stdio.h>
| #ifdef HAVE_SYS_TYPES_H
| # include <sys/types.h>
| #endif
| #ifdef HAVE_SYS_STAT_H
| # include <sys/stat.h>
| #endif
| #ifdef STDC_HEADERS
| # include <stdlib.h>
| # include <stddef.h>
| #else
| # ifdef HAVE_STDLIB_H
| #  include <stdlib.h>
| # endif
| #endif
| #ifdef HAVE_STRING_H
| # if !defined STDC_HEADERS && defined HAVE_MEMORY_H
| #  include <memory.h>
| # endif
| # include <string.h>
| #endif
| #ifdef HAVE_STRINGS_H
| # include <strings.h>
| #endif
| #ifdef HAVE_INTTYPES_H
| # include <inttypes.h>
| #endif
| #ifdef HAVE_STDINT_H
| # include <stdint.h>
| #endif
| #ifdef HAVE_UNISTD_H
| # include <unistd.h>
| #endif
| 	        enum { N = 16 / 2 - 1 };
| int
| main ()
| {
| static int test_array [1 - 2 * !((int16_t) (((((int16_t) 1 << N) << N) - 1) * 2 + 1)
| 		 < (int16_t) (((((int16_t) 1 << N) << N) - 1) * 2 + 2))];
| test_array [0] = 0
| 
|   ;
|   return 0;
| }
configure:15545: result: yes
configure:15556: checking for int32_t
configure:15556: gcc -c -g -O2  conftest.c >&5
configure:15556: $? = 0
configure:15556: gcc -c -g -O2  conftest.c >&5
conftest.c: In function 'main':
conftest.c:71: warning: integer overflow in expression
conftest.c:71: error: size of array 'test_array' is negative
configure:15556: $? = 1
configure: failed program was:
| /* confdefs.h */
| #define PACKAGE_NAME "fparser"
| #define PACKAGE_TARNAME "fparser"
| #define PACKAGE_VERSION "0.0.0"
| #define PACKAGE_STRING "fparser 0.0.0"
| #define PACKAGE_BUGREPORT ""
| #define PACKAGE_URL ""
| #define PACKAGE "fparser"
| #define VERSION "0.0.0"
| #define STDC_HEADERS 1
| #define HAVE_SYS_TYPES_H 1
| #define HAVE_SYS_STAT_H 1
| #define HAVE_STDLIB_H 1
| #define HAVE_STRING_H 1
| #define HAVE_MEMORY_H 1
| #define HAVE_STRINGS_H 1
| #define HAVE_INTTYPES_H 1
| #define HAVE_STDINT_H 1
| #define HAVE_UNISTD_H 1
| #define HAVE_DLFCN_H 1
| #define LT_OBJDIR ".libs/"
| #define HAVE_FLOAT_H 1
| #define HAVE_MALLOC_H 1
| #define HAVE_STDINT_H 1
| #define HAVE_STDLIB_H 1
| #define HAVE_STRING_H 1
| #define HAVE_UNISTD_H 1
| #define HAVE_WCHAR_H 1
| #define HAVE_WCTYPE_H 1
| #define HAVE__BOOL 1
| #define HAVE_STDBOOL_H 1
| /* end confdefs.h.  */
| #include <stdio.h>
| #ifdef HAVE_SYS_TYPES_H
| # include <sys/types.h>
| #endif
| #ifdef HAVE_SYS_STAT_H
| # include <sys/stat.h>
| #endif
| #ifdef STDC_HEADERS
| # include <stdlib.h>
| # include <stddef.h>
| #else
| # ifdef HAVE_STDLIB_H
| #  include <stdlib.h>
| # endif
| #endif
| #ifdef HAVE_STRING_H
| # if !defined STDC_HEADERS && defined HAVE_MEMORY_H
| #  include <memory.h>
| # endif
| # include <string.h>
| #endif
| #ifdef HAVE_STRINGS_H
| # include <strings.h>
| #endif
| #ifdef HAVE_INTTYPES_H
| # include <inttypes.h>
| #endif
| #ifdef HAVE_STDINT_H
| # include <stdint.h>
| #endif
| #ifdef HAVE_UNISTD_H
| # include <unistd.h>
| #endif
| 	        enum { N = 32 / 2 - 1 };
| int
| main ()
| {
| static int test_array [1 - 2 * !((int32_t) (((((int32_t) 1 << N) << N) - 1) * 2 + 1)
| 		 < (int32_t) (((((int32_t) 1 << N) << N) - 1) * 2 + 2))];
| test_array [0] = 0
| 
|   ;
|   return 0;
| }
configure:15556: result: yes
configure:15567: checking for int64_t
configure:15567: gcc -c -g -O2  conftest.c >&5
configure:15567: $? = 0
configure:15567: gcc -c -g -O2  conftest.c >&5
conftest.c: In function 'main':
conftest.c:71: warning: integer overflow in expression
conftest.c:71: error: size of array 'test_array' is negative
configure:15567: $? = 1
configure: failed program was:
| /* confdefs.h */
| #define PACKAGE_NAME "fparser"
| #define PACKAGE_TARNAME "fparser"
| #define PACKAGE_VERSION "0.0.0"
| #define PACKAGE_STRING "fparser 0.0.0"
| #define PACKAGE_BUGREPORT ""
| #define PACKAGE_URL ""
| #define PACKAGE "fparser"
| #define VERSION "0.0.0"
| #define STDC_HEADERS 1
| #define HAVE_SYS_TYPES_H 1
| #define HAVE_SYS_STAT_H 1
| #define HAVE_STDLIB_H 1
| #define HAVE_STRING_H 1
| #define HAVE_MEMORY_H 1
| #define HAVE_STRINGS_H 1
| #define HAVE_INTTYPES_H 1
| #define HAVE_STDINT_H 1
| #define HAVE_UNISTD_H 1
| #define HAVE_DLFCN_H 1
| #define LT_OBJDIR ".libs/"
| #define HAVE_FLOAT_H 1
| #define HAVE_MALLOC_H 1
| #define HAVE_STDINT_H 1
| #define HAVE_STDLIB_H 1
| #define HAVE_STRING_H 1
| #define HAVE_UNISTD_H 1
| #define HAVE_WCHAR_H 1
| #define HAVE_WCTYPE_H 1
| #define HAVE__BOOL 1
| #define HAVE_STDBOOL_H 1
| /* end confdefs.h.  */
| #include <stdio.h>
| #ifdef HAVE_SYS_TYPES_H
| # include <sys/types.h>
| #endif
| #ifdef HAVE_SYS_STAT_H
| # include <sys/stat.h>
| #endif
| #ifdef STDC_HEADERS
| # include <stdlib.h>
| # include <stddef.h>
| #else
| # ifdef HAVE_STDLIB_H
| #  include <stdlib.h>
| # endif
| #endif
| #ifdef HAVE_STRING_H
| # if !defined STDC_HEADERS && defined HAVE_MEMORY_H
| #  include <memory.h>
| # endif
| # include <string.h>
| #endif
| #ifdef HAVE_STRINGS_H
| # include <strings.h>
| #endif
| #ifdef HAVE_INTTYPES_H
| # include <inttypes.h>
| #endif
| #ifdef HAVE_STDINT_H
| # include <stdint.h>
| #endif
| #ifdef HAVE_UNISTD_H
| # include <unistd.h>
| #endif
| 	        enum { N = 64 / 2 - 1 };
| int
| main ()
| {
| static int test_array [1 - 2 * !((int64_t) (((((int64_t) 1 << N) << N) - 1) * 2 + 1)
| 		 < (int64_t) (((((int64_t) 1 << N) << N) - 1) * 2 + 2))];
| test_array [0] = 0
| 
|   ;
|   return 0;
| }
configure:15567: result: yes
configure:15578: checking for int8_t
configure:15578: gcc -c -g -O2  conftest.c >&5
configure:15578: $? = 0
configure:15578: gcc -c -g -O2  conftest.c >&5
conftest.c: In function 'main':
conftest.c:71: error: size of array 'test_array' is negative
configure:15578: $? = 1
configure: failed program was:
| /* confdefs.h */
| #define PACKAGE_NAME "fparser"
| #define PACKAGE_TARNAME "fparser"
| #define PACKAGE_VERSION "0.0.0"
| #define PACKAGE_STRING "fparser 0.0.0"
| #define PACKAGE_BUGREPORT ""
| #define PACKAGE_URL ""
| #define PACKAGE "fparser"
| #define VERSION "0.0.0"
| #define STDC_HEADERS 1
| #define HAVE_SYS_TYPES_H 1
| #define HAVE_SYS_STAT_H 1
| #define HAVE_STDLIB_H 1
| #define HAVE_STRING_H 1
| #define HAVE_MEMORY_H 1
| #define HAVE_STRINGS_H 1
| #define HAVE_INTTYPES_H 1
| #define HAVE_STDINT_H 1
| #define HAVE_UNISTD_H 1
| #define HAVE_DLFCN_H 1
| #define LT_OBJDIR ".libs/"
| #define HAVE_FLOAT_H 1
| #define HAVE_MALLOC_H 1
| #define HAVE_STDINT_H 1
| #define HAVE_STDLIB_H 1
| #define HAVE_STRING_H 1
| #define HAVE_UNISTD_H 1
| #define HAVE_WCHAR_H 1
| #define HAVE_WCTYPE_H 1
| #define HAVE__BOOL 1
| #define HAVE_STDBOOL_H 1
| /* end confdefs.h.  */
| #include <stdio.h>
| #ifdef HAVE_SYS_TYPES_H
| # include <sys/types.h>
| #endif
| #ifdef HAVE_SYS_STAT_H
| # include <sys/stat.h>
| #endif
| #ifdef STDC_HEADERS
| # include <stdlib.h>
| # include <stddef.h>
| #else
| # ifdef HAVE_STDLIB_H
| #  include <stdlib.h>
| # endif
| #endif
| #ifdef HAVE_STRING_H
| # if !defined STDC_HEADERS && defined HAVE_MEMORY_H
| #  include <memory.h>
| # endif
| # include <string.h>
| #endif
| #ifdef HAVE_STRINGS_H
| # include <strings.h>
| #endif
| #ifdef HAVE_INTTYPES_H
| # include <inttypes.h>
| #endif
| #ifdef HAVE_STDINT_H
| # include <stdint.h>
| #endif
| #ifdef HAVE_UNISTD_H
| # include <unistd.h>
| #endif
| 	        enum { N = 8 / 2 - 1 };
| int
| main ()
| {
| static int test_array [1 - 2 * !((int8_t) (((((int8_t) 1 << N) << N) - 1) * 2 + 1)
| 		 < (int8_t) (((((int8_t) 1 << N) << N) - 1) * 2 + 2))];
| test_array [0] = 0
| 
|   ;
|   return 0;
| }
configure:15578: result: yes
configure:15589: checking for size_t
configure:15589: gcc -c -g -O2  conftest.c >&5
configure:15589: $? = 0
configure:15589: gcc -c -g -O2  conftest.c >&5
conftest.c: In function 'main':
conftest.c:69: error: expected expression before ')' token
configure:15589: $? = 1
configure: failed program was:
| /* confdefs.h */
| #define PACKAGE_NAME "fparser"
| #define PACKAGE_TARNAME "fparser"
| #define PACKAGE_VERSION "0.0.0"
| #define PACKAGE_STRING "fparser 0.0.0"
| #define PACKAGE_BUGREPORT ""
| #define PACKAGE_URL ""
| #define PACKAGE "fparser"
| #define VERSION "0.0.0"
| #define STDC_HEADERS 1
| #define HAVE_SYS_TYPES_H 1
| #define HAVE_SYS_STAT_H 1
| #define HAVE_STDLIB_H 1
| #define HAVE_STRING_H 1
| #define HAVE_MEMORY_H 1
| #define HAVE_STRINGS_H 1
| #define HAVE_INTTYPES_H 1
| #define HAVE_STDINT_H 1
| #define HAVE_UNISTD_H 1
| #define HAVE_DLFCN_H 1
| #define LT_OBJDIR ".libs/"
| #define HAVE_FLOAT_H 1
| #define HAVE_MALLOC_H 1
| #define HAVE_STDINT_H 1
| #define HAVE_STDLIB_H 1
| #define HAVE_STRING_H 1
| #define HAVE_UNISTD_H 1
| #define HAVE_WCHAR_H 1
| #define HAVE_WCTYPE_H 1
| #define HAVE__BOOL 1
| #define HAVE_STDBOOL_H 1
| /* end confdefs.h.  */
| #include <stdio.h>
| #ifdef HAVE_SYS_TYPES_H
| # include <sys/types.h>
| #endif
| #ifdef HAVE_SYS_STAT_H
| # include <sys/stat.h>
| #endif
| #ifdef STDC_HEADERS
| # include <stdlib.h>
| # include <stddef.h>
| #else
| # ifdef HAVE_STDLIB_H
| #  include <stdlib.h>
| # endif
| #endif
| #ifdef HAVE_STRING_H
| # if !defined STDC_HEADERS && defined HAVE_MEMORY_H
| #  include <memory.h>
| # endif
| # include <string.h>
| #endif
| #ifdef HAVE_STRINGS_H
| # include <strings.h>
| #endif
| #ifdef HAVE_INTTYPES_H
| # include <inttypes.h>
| #endif
| #ifdef HAVE_STDINT_H
| # include <stdint.h>
| #endif
| #ifdef HAVE_UNISTD_H
| # include <unistd.h>
| #endif
| int
| main ()
| {
| if (sizeof ((size_t)))
| 	    return 0;
|   ;
|   return 0;
| }
configure:15589: result: yes
configure:15600: checking for uint16_t
configure:15600: gcc -c -g -O2  conftest.c >&5
configure:15600: $? = 0
configure:15600: result: yes
configure:15612: checking for uint32_t
configure:15612: gcc -c -g -O2  conftest.c >&5
configure:15612: $? = 0
configure:15612: result: yes
configure:15626: checking for uint64_t
configure:15626: gcc -c -g -O2  conftest.c >&5
configure:15626: $? = 0
configure:15626: result: yes
configure:15640: checking for uint8_t
configure:15640: gcc -c -g -O2  conftest.c >&5
configure:15640: $? = 0
configure:15640: result: yes
configure:15656: checking whether sys/types.h defines makedev
configure:15672: gcc -o conftest -g -O2   conftest.c  >&5
configure:15672: $? = 0
configure:15681: result: yes
configure:15709: checking for floor
configure:15709: gcc -o conftest -g -O2   conftest.c  >&5
conftest.c:56: warning: conflicting types for built-in function 'floor'
/tmp/ccLKbvi4.o: In function `main':
/home/showard/fcolladaCE-git/conftest.c:67: undefined reference to `floor'
collect2: ld returned 1 exit status
configure:15709: $? = 1
configure: failed program was:
| /* confdefs.h */
| #define PACKAGE_NAME "fparser"
| #define PACKAGE_TARNAME "fparser"
| #define PACKAGE_VERSION "0.0.0"
| #define PACKAGE_STRING "fparser 0.0.0"
| #define PACKAGE_BUGREPORT ""
| #define PACKAGE_URL ""
| #define PACKAGE "fparser"
| #define VERSION "0.0.0"
| #define STDC_HEADERS 1
| #define HAVE_SYS_TYPES_H 1
| #define HAVE_SYS_STAT_H 1
| #define HAVE_STDLIB_H 1
| #define HAVE_STRING_H 1
| #define HAVE_MEMORY_H 1
| #define HAVE_STRINGS_H 1
| #define HAVE_INTTYPES_H 1
| #define HAVE_STDINT_H 1
| #define HAVE_UNISTD_H 1
| #define HAVE_DLFCN_H 1
| #define LT_OBJDIR ".libs/"
| #define HAVE_FLOAT_H 1
| #define HAVE_MALLOC_H 1
| #define HAVE_STDINT_H 1
| #define HAVE_STDLIB_H 1
| #define HAVE_STRING_H 1
| #define HAVE_UNISTD_H 1
| #define HAVE_WCHAR_H 1
| #define HAVE_WCTYPE_H 1
| #define HAVE__BOOL 1
| #define HAVE_STDBOOL_H 1
| /* end confdefs.h.  */
| /* Define floor to an innocuous variant, in case <limits.h> declares floor.
|    For example, HP-UX 11i <limits.h> declares gettimeofday.  */
| #define floor innocuous_floor
| 
| /* System header to define __stub macros and hopefully few prototypes,
|     which can conflict with char floor (); below.
|     Prefer <limits.h> to <assert.h> if __STDC__ is defined, since
|     <limits.h> exists even on freestanding compilers.  */
| 
| #ifdef __STDC__
| # include <limits.h>
| #else
| # include <assert.h>
| #endif
| 
| #undef floor
| 
| /* Override any GCC internal prototype to avoid an error.
|    Use char because int might match the return type of a GCC
|    builtin and then its argument prototype would still apply.  */
| #ifdef __cplusplus
| extern "C"
| #endif
| char floor ();
| /* The GNU C library defines this for functions which it implements
|     to always fail with ENOSYS.  Some functions are actually named
|     something starting with __ and the normal name is an alias.  */
| #if defined __stub_floor || defined __stub___floor
| choke me
| #endif
| 
| int
| main ()
| {
| return floor ();
|   ;
|   return 0;
| }
configure:15709: result: no
configure:15709: checking for memmove
configure:15709: gcc -o conftest -g -O2   conftest.c  >&5
conftest.c:56: warning: conflicting types for built-in function 'memmove'
configure:15709: $? = 0
configure:15709: result: yes
configure:15709: checking for memset
configure:15709: gcc -o conftest -g -O2   conftest.c  >&5
conftest.c:57: warning: conflicting types for built-in function 'memset'
configure:15709: $? = 0
configure:15709: result: yes
configure:15709: checking for mkdir
configure:15709: gcc -o conftest -g -O2   conftest.c  >&5
configure:15709: $? = 0
configure:15709: result: yes
configure:15709: checking for pow
configure:15709: gcc -o conftest -g -O2   conftest.c  >&5
conftest.c:59: warning: conflicting types for built-in function 'pow'
/tmp/ccPNR2mw.o: In function `main':
/home/showard/fcolladaCE-git/conftest.c:70: undefined reference to `pow'
collect2: ld returned 1 exit status
configure:15709: $? = 1
configure: failed program was:
| /* confdefs.h */
| #define PACKAGE_NAME "fparser"
| #define PACKAGE_TARNAME "fparser"
| #define PACKAGE_VERSION "0.0.0"
| #define PACKAGE_STRING "fparser 0.0.0"
| #define PACKAGE_BUGREPORT ""
| #define PACKAGE_URL ""
| #define PACKAGE "fparser"
| #define VERSION "0.0.0"
| #define STDC_HEADERS 1
| #define HAVE_SYS_TYPES_H 1
| #define HAVE_SYS_STAT_H 1
| #define HAVE_STDLIB_H 1
| #define HAVE_STRING_H 1
| #define HAVE_MEMORY_H 1
| #define HAVE_STRINGS_H 1
| #define HAVE_INTTYPES_H 1
| #define HAVE_STDINT_H 1
| #define HAVE_UNISTD_H 1
| #define HAVE_DLFCN_H 1
| #define LT_OBJDIR ".libs/"
| #define HAVE_FLOAT_H 1
| #define HAVE_MALLOC_H 1
| #define HAVE_STDINT_H 1
| #define HAVE_STDLIB_H 1
| #define HAVE_STRING_H 1
| #define HAVE_UNISTD_H 1
| #define HAVE_WCHAR_H 1
| #define HAVE_WCTYPE_H 1
| #define HAVE__BOOL 1
| #define HAVE_STDBOOL_H 1
| #define HAVE_MEMMOVE 1
| #define HAVE_MEMSET 1
| #define HAVE_MKDIR 1
| /* end confdefs.h.  */
| /* Define pow to an innocuous variant, in case <limits.h> declares pow.
|    For example, HP-UX 11i <limits.h> declares gettimeofday.  */
| #define pow innocuous_pow
| 
| /* System header to define __stub macros and hopefully few prototypes,
|     which can conflict with char pow (); below.
|     Prefer <limits.h> to <assert.h> if __STDC__ is defined, since
|     <limits.h> exists even on freestanding compilers.  */
| 
| #ifdef __STDC__
| # include <limits.h>
| #else
| # include <assert.h>
| #endif
| 
| #undef pow
| 
| /* Override any GCC internal prototype to avoid an error.
|    Use char because int might match the return type of a GCC
|    builtin and then its argument prototype would still apply.  */
| #ifdef __cplusplus
| extern "C"
| #endif
| char pow ();
| /* The GNU C library defines this for functions which it implements
|     to always fail with ENOSYS.  Some functions are actually named
|     something starting with __ and the normal name is an alias.  */
| #if defined __stub_pow || defined __stub___pow
| choke me
| #endif
| 
| int
| main ()
| {
| return pow ();
|   ;
|   return 0;
| }
configure:15709: result: no
configure:15709: checking for strstr
configure:15709: gcc -o conftest -g -O2   conftest.c  >&5
conftest.c:59: warning: conflicting types for built-in function 'strstr'
configure:15709: $? = 0
configure:15709: result: yes
configure:15888: creating ./config.status

## ---------------------- ##
## Running config.status. ##
## ---------------------- ##

This file was extended by fparser config.status 0.0.0, which was
generated by GNU Autoconf 2.67.  Invocation command line was

  CONFIG_FILES    = 
  CONFIG_HEADERS  = 
  CONFIG_LINKS    = 
  CONFIG_COMMANDS = 
  $ ./config.status 

on sk1m.dyndns.org

config.status:1060: creating Makefile
config.status:1060: creating fcollada.pc
config.status:1231: executing depfiles commands
config.status:1231: executing libtool commands

## ---------------- ##
## Cache variables. ##
## ---------------- ##

ac_cv_build=x86_64-unknown-linux-gnu
ac_cv_c_compiler_gnu=yes
ac_cv_c_inline=inline
ac_cv_c_int16_t=yes
ac_cv_c_int32_t=yes
ac_cv_c_int64_t=yes
ac_cv_c_int8_t=yes
ac_cv_c_uint16_t=yes
ac_cv_c_uint32_t=yes
ac_cv_c_uint64_t=yes
ac_cv_c_uint8_t=yes
ac_cv_cxx_compiler_gnu=yes
ac_cv_env_CCC_set=
ac_cv_env_CCC_value=
ac_cv_env_CC_set=
ac_cv_env_CC_value=
ac_cv_env_CFLAGS_set=
ac_cv_env_CFLAGS_value=
ac_cv_env_CPPFLAGS_set=
ac_cv_env_CPPFLAGS_value=
ac_cv_env_CPP_set=
ac_cv_env_CPP_value=
ac_cv_env_CXXCPP_set=
ac_cv_env_CXXCPP_value=
ac_cv_env_CXXFLAGS_set=
ac_cv_env_CXXFLAGS_value=
ac_cv_env_CXX_set=
ac_cv_env_CXX_value=
ac_cv_env_DEPS_CFLAGS_set=
ac_cv_env_DEPS_CFLAGS_value=
ac_cv_env_DEPS_LIBS_set=
ac_cv_env_DEPS_LIBS_value=
ac_cv_env_LDFLAGS_set=
ac_cv_env_LDFLAGS_value=
ac_cv_env_LIBS_set=
ac_cv_env_LIBS_value=
ac_cv_env_PKG_CONFIG_LIBDIR_set=
ac_cv_env_PKG_CONFIG_LIBDIR_value=
ac_cv_env_PKG_CONFIG_PATH_set=
ac_cv_env_PKG_CONFIG_PATH_value=
ac_cv_env_PKG_CONFIG_set=
ac_cv_env_PKG_CONFIG_value=
ac_cv_env_build_alias_set=
ac_cv_env_build_alias_value=
ac_cv_env_host_alias_set=
ac_cv_env_host_alias_value=
ac_cv_env_target_alias_set=
ac_cv_env_target_alias_value=
ac_cv_func_floor=no
ac_cv_func_memmove=yes
ac_cv_func_memset=yes
ac_cv_func_mkdir=yes
ac_cv_func_pow=no
ac_cv_func_strstr=yes
ac_cv_header_dlfcn_h=yes
ac_cv_header_float_h=yes
ac_cv_header_inttypes_h=yes
ac_cv_header_malloc_h=yes
ac_cv_header_memory_h=yes
ac_cv_header_stdbool_h=yes
ac_cv_header_stdc=yes
ac_cv_header_stdint_h=yes
ac_cv_header_stdlib_h=yes
ac_cv_header_string_h=yes
ac_cv_header_strings_h=yes
ac_cv_header_sys_stat_h=yes
ac_cv_header_sys_types_h=yes
ac_cv_header_sys_types_h_makedev=yes
ac_cv_header_unistd_h=yes
ac_cv_header_wchar_h=yes
ac_cv_header_wctype_h=yes
ac_cv_host=x86_64-unknown-linux-gnu
ac_cv_objext=o
ac_cv_path_EGREP='/bin/grep -E'
ac_cv_path_FGREP='/bin/grep -F'
ac_cv_path_GREP=/bin/grep
ac_cv_path_SED=/bin/sed
ac_cv_path_ac_pt_PKG_CONFIG=/usr/bin/pkg-config
ac_cv_path_install='/usr/bin/install -c'
ac_cv_path_mkdir=/bin/mkdir
ac_cv_prog_AWK=gawk
ac_cv_prog_CPP='gcc -E'
ac_cv_prog_CXXCPP='g++ -E'
ac_cv_prog_ac_ct_AR=ar
ac_cv_prog_ac_ct_CC=gcc
ac_cv_prog_ac_ct_CXX=g++
ac_cv_prog_ac_ct_OBJDUMP=objdump
ac_cv_prog_ac_ct_RANLIB=ranlib
ac_cv_prog_ac_ct_STRIP=strip
ac_cv_prog_cc_c89=
ac_cv_prog_cc_g=yes
ac_cv_prog_cxx_g=yes
ac_cv_prog_make_make_set=yes
ac_cv_type__Bool=yes
ac_cv_type_size_t=yes
am_cv_CC_dependencies_compiler_type=gcc3
am_cv_CXX_dependencies_compiler_type=gcc3
lt_cv_deplibs_check_method=pass_all
lt_cv_file_magic_cmd='$MAGIC_CMD'
lt_cv_file_magic_test_file=
lt_cv_ld_reload_flag=-r
lt_cv_nm_interface='BSD nm'
lt_cv_objdir=.libs
lt_cv_path_LD=/usr/bin/ld
lt_cv_path_LDCXX='/usr/bin/ld -m elf_x86_64'
lt_cv_path_NM='/usr/bin/nm -B'
lt_cv_prog_compiler_c_o=yes
lt_cv_prog_compiler_c_o_CXX=yes
lt_cv_prog_compiler_pic_works=yes
lt_cv_prog_compiler_pic_works_CXX=yes
lt_cv_prog_compiler_rtti_exceptions=no
lt_cv_prog_compiler_static_works=yes
lt_cv_prog_compiler_static_works_CXX=yes
lt_cv_prog_gnu_ld=yes
lt_cv_prog_gnu_ldcxx=yes
lt_cv_sys_global_symbol_pipe='sed -n -e '\''s/^.*[	 ]\([ABCDGIRSTW][ABCDGIRSTW]*\)[	 ][	 ]*\([_A-Za-z][_A-Za-z0-9]*\)$/\1 \2 \2/p'\'''
lt_cv_sys_global_symbol_to_c_name_address='sed -n -e '\''s/^: \([^ ]*\) $/  {\"\1\", (void *) 0},/p'\'' -e '\''s/^[ABCDGIRSTW]* \([^ ]*\) \([^ ]*\)$/  {"\2", (void *) \&\2},/p'\'''
lt_cv_sys_global_symbol_to_c_name_address_lib_prefix='sed -n -e '\''s/^: \([^ ]*\) $/  {\"\1\", (void *) 0},/p'\'' -e '\''s/^[ABCDGIRSTW]* \([^ ]*\) \(lib[^ ]*\)$/  {"\2", (void *) \&\2},/p'\'' -e '\''s/^[ABCDGIRSTW]* \([^ ]*\) \([^ ]*\)$/  {"lib\2", (void *) \&\2},/p'\'''
lt_cv_sys_global_symbol_to_cdecl='sed -n -e '\''s/^T .* \(.*\)$/extern int \1();/p'\'' -e '\''s/^[ABCDGIRSTW]* .* \(.*\)$/extern char \1;/p'\'''
lt_cv_sys_max_cmd_len=1572864
pkg_cv_DEPS_CFLAGS='-I/usr/include/libxml2  '
pkg_cv_DEPS_LIBS='-lxml2  '

## ----------------- ##
## Output variables. ##
## ----------------- ##

ACLOCAL='${SHELL} /home/showard/fcolladaCE-git/missing --run aclocal-1.11'
AMDEPBACKSLASH='\'
AMDEP_FALSE='#'
AMDEP_TRUE=''
AMTAR='${SHELL} /home/showard/fcolladaCE-git/missing --run tar'
AR='ar'
AUTOCONF='${SHELL} /home/showard/fcolladaCE-git/missing --run autoconf'
AUTOHEADER='${SHELL} /home/showard/fcolladaCE-git/missing --run autoheader'
AUTOMAKE='${SHELL} /home/showard/fcolladaCE-git/missing --run automake-1.11'
AWK='gawk'
CC='gcc'
CCDEPMODE='depmode=gcc3'
CFLAGS='-g -O2'
CPP='gcc -E'
CPPFLAGS=''
CXX='g++'
CXXCPP='g++ -E'
CXXDEPMODE='depmode=gcc3'
CXXFLAGS='-g -O2'
CYGPATH_W='echo'
DEFS='-DPACKAGE_NAME=\"fparser\" -DPACKAGE_TARNAME=\"fparser\" -DPACKAGE_VERSION=\"0.0.0\" -DPACKAGE_STRING=\"fparser\ 0.0.0\" -DPACKAGE_BUGREPORT=\"\" -DPACKAGE_URL=\"\" -DPACKAGE=\"fparser\" -DVERSION=\"0.0.0\" -DSTDC_HEADERS=1 -DHAVE_SYS_TYPES_H=1 -DHAVE_SYS_STAT_H=1 -DHAVE_STDLIB_H=1 -DHAVE_STRING_H=1 -DHAVE_MEMORY_H=1 -DHAVE_STRINGS_H=1 -DHAVE_INTTYPES_H=1 -DHAVE_STDINT_H=1 -DHAVE_UNISTD_H=1 -DHAVE_DLFCN_H=1 -DLT_OBJDIR=\".libs/\" -DHAVE_FLOAT_H=1 -DHAVE_MALLOC_H=1 -DHAVE_STDINT_H=1 -DHAVE_STDLIB_H=1 -DHAVE_STRING_H=1 -DHAVE_UNISTD_H=1 -DHAVE_WCHAR_H=1 -DHAVE_WCTYPE_H=1 -DHAVE__BOOL=1 -DHAVE_STDBOOL_H=1 -DHAVE_MEMMOVE=1 -DHAVE_MEMSET=1 -DHAVE_MKDIR=1 -DHAVE_STRSTR=1'
DEPDIR='.deps'
DEPS_CFLAGS='-I/usr/include/libxml2  '
DEPS_LIBS='-lxml2  '
DSYMUTIL=''
DUMPBIN=''
ECHO_C=''
ECHO_N='-n'
ECHO_T=''
EGREP='/bin/grep -E'
EXEEXT=''
FGREP='/bin/grep -F'
GREP='/bin/grep'
INSTALL_DATA='${INSTALL} -m 644'
INSTALL_PROGRAM='${INSTALL}'
INSTALL_SCRIPT='${INSTALL}'
INSTALL_STRIP_PROGRAM='$(install_sh) -c -s'
LD='/usr/bin/ld -m elf_x86_64'
LDFLAGS=''
LIBOBJS=''
LIBS=''
LIBTOOL='$(SHELL) $(top_builddir)/libtool'
LIPO=''
LN_S='ln -s'
LTLIBOBJS=''
MAKEINFO='${SHELL} /home/showard/fcolladaCE-git/missing --run makeinfo'
MKDIR_P='/bin/mkdir -p'
NM='/usr/bin/nm -B'
NMEDIT=''
OBJDUMP='objdump'
OBJEXT='o'
OTOOL64=''
OTOOL=''
PACKAGE='fparser'
PACKAGE_BUGREPORT=''
PACKAGE_NAME='fparser'
PACKAGE_STRING='fparser 0.0.0'
PACKAGE_TARNAME='fparser'
PACKAGE_URL=''
PACKAGE_VERSION='0.0.0'
PATH_SEPARATOR=':'
PKG_CONFIG='/usr/bin/pkg-config'
PKG_CONFIG_LIBDIR=''
PKG_CONFIG_PATH=''
RANLIB='ranlib'
SED='/bin/sed'
SET_MAKE=''
SHELL='/bin/bash'
STRIP='strip'
VERSION='0.0.0'
ac_ct_CC='gcc'
ac_ct_CXX='g++'
ac_ct_DUMPBIN=''
am__EXEEXT_FALSE=''
am__EXEEXT_TRUE='#'
am__fastdepCC_FALSE='#'
am__fastdepCC_TRUE=''
am__fastdepCXX_FALSE='#'
am__fastdepCXX_TRUE=''
am__include='include'
am__isrc=''
am__leading_dot='.'
am__quote=''
am__tar='${AMTAR} chof - "$$tardir"'
am__untar='${AMTAR} xf -'
bindir='${exec_prefix}/bin'
build='x86_64-unknown-linux-gnu'
build_alias=''
build_cpu='x86_64'
build_os='linux-gnu'
build_vendor='unknown'
datadir='${datarootdir}'
datarootdir='${prefix}/share'
docdir='${datarootdir}/doc/${PACKAGE_TARNAME}'
dvidir='${docdir}'
exec_prefix='${prefix}'
host='x86_64-unknown-linux-gnu'
host_alias=''
host_cpu='x86_64'
host_os='linux-gnu'
host_vendor='unknown'
htmldir='${docdir}'
includedir='${prefix}/include'
infodir='${datarootdir}/info'
install_sh='${SHELL} /home/showard/fcolladaCE-git/install-sh'
libdir='${exec_prefix}/lib'
libexecdir='${exec_prefix}/libexec'
localedir='${datarootdir}/locale'
localstatedir='${prefix}/var'
lt_ECHO='echo'
mandir='${datarootdir}/man'
mkdir_p='/bin/mkdir -p'
oldincludedir='/usr/include'
pdfdir='${docdir}'
prefix='/usr/local'
program_transform_name='s,x,x,'
psdir='${docdir}'
sbindir='${exec_prefix}/sbin'
sharedstatedir='${prefix}/com'
sysconfdir='${prefix}/etc'
target_alias=''

## ----------- ##
## confdefs.h. ##
## ----------- ##

/* confdefs.h */
#define PACKAGE_NAME "fparser"
#define PACKAGE_TARNAME "fparser"
#define PACKAGE_VERSION "0.0.0"
#define PACKAGE_STRING "fparser 0.0.0"
#define PACKAGE_BUGREPORT ""
#define PACKAGE_URL ""
#define PACKAGE "fparser"
#define VERSION "0.0.0"
#define STDC_HEADERS 1
#define HAVE_SYS_TYPES_H 1
#define HAVE_SYS_STAT_H 1
#define HAVE_STDLIB_H 1
#define HAVE_STRING_H 1
#define HAVE_MEMORY_H 1
#define HAVE_STRINGS_H 1
#define HAVE_INTTYPES_H 1
#define HAVE_STDINT_H 1
#define HAVE_UNISTD_H 1
#define HAVE_DLFCN_H 1
#define LT_OBJDIR ".libs/"
#define HAVE_FLOAT_H 1
#define HAVE_MALLOC_H 1
#define HAVE_STDINT_H 1
#define HAVE_STDLIB_H 1
#define HAVE_STRING_H 1
#define HAVE_UNISTD_H 1
#define HAVE_WCHAR_H 1
#define HAVE_WCTYPE_H 1
#define HAVE__BOOL 1
#define HAVE_STDBOOL_H 1
#define HAVE_MEMMOVE 1
#define HAVE_MEMSET 1
#define HAVE_MKDIR 1
#define HAVE_STRSTR 1

configure: exit 0
